<?xml version="1.0" encoding="UTF-8"?>
<!-- Generated by org.testng.reporters.JUnitXMLReporter -->
<testsuite ignored="0" hostname="Chinmayis-Air" failures="0" tests="5" name="Login" time="100.937" errors="0" timestamp="2023-03-21T19:12:49 EDT">
  <testcase classname="com.training.testcases.LoginTestCase" name="clrPwdfield" time="8.913"/>
  <testcase classname="com.training.testcases.LoginTestCase" name="forgotPassword" time="2.958"/>
  <testcase classname="com.training.testcases.LoginTestCase" name="invalidLogin" time="14.098"/>
  <testcase classname="com.training.testcases.LoginTestCase" name="rememberMe" time="20.487"/>
  <testcase classname="com.training.testcases.LoginTestCase" name="validLogin" time="15.985"/>
</testsuite> <!-- Login -->
