<?xml version="1.0" encoding="UTF-8"?>
<!-- Generated by org.testng.reporters.JUnitXMLReporter -->
<testsuite hostname="Chinmayis-Air" ignored="0" name="Leads" tests="5" failures="0" timestamp="2023-04-03T18:25:32 EDT" time="105.801" errors="0">
  <testcase name="clrPwdfield" time="15.52" classname="com.training.testcases.LoginTestCase"/>
  <testcase name="forgotPassword" time="3.13" classname="com.training.testcases.LoginTestCase"/>
  <testcase name="invalidLogin" time="9.649" classname="com.training.testcases.LoginTestCase"/>
  <testcase name="rememberMe" time="22.491" classname="com.training.testcases.LoginTestCase"/>
  <testcase name="validLogin" time="16.818" classname="com.training.testcases.LoginTestCase"/>
</testsuite> <!-- Leads -->
